[2014-11-15 08:09:25] /shop/index.php ( act=index&op=index ) 
ERR: Db Error: Unknown storage engine 'InnoDB'
SELECT * FROM `emall`.`shopnc_groupbuy` WHERE ( state = '20' ) AND ( start_time < '1416010165' ) AND ( end_time > '1416010165' ) ORDER BY recommended desc LIMIT 1000  
[2014-11-15 08:09:26] /shop/index.php ( act=index&op=index ) 
ERR: Db Error: Unknown storage engine 'InnoDB'
SELECT * FROM `emall`.`shopnc_p_xianshi_goods` WHERE ( state = '1' ) AND ( start_time < '1416010165' ) AND ( end_time > '1416010165' ) ORDER BY xianshi_recommend desc LIMIT 4  
[2014-11-15 08:09:51] /admin/index.php?act=login&op=login ( act=login&op=login ) 
ERR: Db Error: Unknown storage engine 'InnoDB'
SELECT * FROM `emall`.`shopnc_lock` WHERE ( pid = '213070643305' ) LIMIT 1  
[2014-11-15 08:09:51] /admin/index.php?act=login&op=login ( act=login&op=login ) 
ERR: Db Error: Unknown storage engine 'InnoDB'
SELECT * FROM `emall`.`shopnc_admin` as `admin`  WHERE  admin_name = 'admin' and admin_password = 'e10adc3949ba59abbe56e057f20f883e'
[2014-11-15 08:09:51] /admin/index.php?act=login&op=login ( act=login&op=login ) 
ERR: Db Error: Unknown storage engine 'InnoDB'
SELECT * FROM `emall`.`shopnc_lock` WHERE ( pid = '21307064335' ) LIMIT 1  
[2014-11-15 08:09:51] /admin/index.php?act=login&op=login ( act=login&op=login ) 
ERR: Db Error: Unknown storage engine 'InnoDB'
INSERT  INTO `emall`.`shopnc_lock` (pid,pvalue,expiretime) VALUES ('21307064335','1','1416010790')
[2014-11-15 08:10:03] /admin/index.php?act=login&op=login ( act=login&op=login ) 
ERR: Db Error: Unknown storage engine 'InnoDB'
SELECT * FROM `emall`.`shopnc_lock` WHERE ( pid = '213070643305' ) LIMIT 1  
[2014-11-15 08:10:03] /admin/index.php?act=login&op=login ( act=login&op=login ) 
ERR: Db Error: Unknown storage engine 'InnoDB'
SELECT * FROM `emall`.`shopnc_admin` as `admin`  WHERE  admin_name = 'admin' and admin_password = '51d7b5a190e36367f058eb13db6eaa02'
[2014-11-15 08:10:03] /admin/index.php?act=login&op=login ( act=login&op=login ) 
ERR: Db Error: Unknown storage engine 'InnoDB'
SELECT * FROM `emall`.`shopnc_lock` WHERE ( pid = '21307064335' ) LIMIT 1  
[2014-11-15 08:10:03] /admin/index.php?act=login&op=login ( act=login&op=login ) 
ERR: Db Error: Unknown storage engine 'InnoDB'
INSERT  INTO `emall`.`shopnc_lock` (pid,pvalue,expiretime) VALUES ('21307064335','1','1416010803')
[2014-11-15 08:10:15] /admin/index.php?act=login&op=login ( act=login&op=login ) 
ERR: Db Error: Unknown storage engine 'InnoDB'
SELECT * FROM `emall`.`shopnc_lock` WHERE ( pid = '213070643305' ) LIMIT 1  
[2014-11-15 08:10:15] /admin/index.php?act=login&op=login ( act=login&op=login ) 
ERR: Db Error: Unknown storage engine 'InnoDB'
SELECT * FROM `emall`.`shopnc_admin` as `admin`  WHERE  admin_name = 'dedaozhi' and admin_password = 'e10adc3949ba59abbe56e057f20f883e'
[2014-11-15 08:10:15] /admin/index.php?act=login&op=login ( act=login&op=login ) 
ERR: Db Error: Unknown storage engine 'InnoDB'
SELECT * FROM `emall`.`shopnc_lock` WHERE ( pid = '21307064335' ) LIMIT 1  
[2014-11-15 08:10:15] /admin/index.php?act=login&op=login ( act=login&op=login ) 
ERR: Db Error: Unknown storage engine 'InnoDB'
INSERT  INTO `emall`.`shopnc_lock` (pid,pvalue,expiretime) VALUES ('21307064335','1','1416010815')
[2014-11-15 08:10:27] /admin/index.php?act=login&op=login ( act=login&op=login ) 
ERR: Db Error: Unknown storage engine 'InnoDB'
SELECT * FROM `emall`.`shopnc_lock` WHERE ( pid = '213070643305' ) LIMIT 1  
[2014-11-15 08:10:27] /admin/index.php?act=login&op=login ( act=login&op=login ) 
ERR: Db Error: Unknown storage engine 'InnoDB'
SELECT * FROM `emall`.`shopnc_admin` as `admin`  WHERE  admin_name = 'admin' and admin_password = 'e10adc3949ba59abbe56e057f20f883e'
[2014-11-15 08:10:27] /admin/index.php?act=login&op=login ( act=login&op=login ) 
ERR: Db Error: Unknown storage engine 'InnoDB'
SELECT * FROM `emall`.`shopnc_lock` WHERE ( pid = '21307064335' ) LIMIT 1  
[2014-11-15 08:10:27] /admin/index.php?act=login&op=login ( act=login&op=login ) 
ERR: Db Error: Unknown storage engine 'InnoDB'
INSERT  INTO `emall`.`shopnc_lock` (pid,pvalue,expiretime) VALUES ('21307064335','1','1416010827')
[2014-11-15 08:11:20] /admin/index.php?act=login&op=login ( act=login&op=login ) 
ERR: Db Error: Unknown storage engine 'InnoDB'
SELECT * FROM `emall`.`shopnc_lock` WHERE ( pid = '213070643305' ) LIMIT 1  
[2014-11-15 08:11:20] /admin/index.php?act=login&op=login ( act=login&op=login ) 
ERR: Db Error: Unknown storage engine 'InnoDB'
SELECT * FROM `emall`.`shopnc_admin` as `admin`  WHERE  admin_name = 'admin' and admin_password = 'e10adc3949ba59abbe56e057f20f883e'
[2014-11-15 08:11:20] /admin/index.php?act=login&op=login ( act=login&op=login ) 
ERR: Db Error: Unknown storage engine 'InnoDB'
SELECT * FROM `emall`.`shopnc_lock` WHERE ( pid = '21307064335' ) LIMIT 1  
[2014-11-15 08:11:20] /admin/index.php?act=login&op=login ( act=login&op=login ) 
ERR: Db Error: Unknown storage engine 'InnoDB'
INSERT  INTO `emall`.`shopnc_lock` (pid,pvalue,expiretime) VALUES ('21307064335','1','1416010880')
[2014-11-15 08:11:33] /admin/index.php?act=login&op=login ( act=login&op=login ) 
ERR: Db Error: Unknown storage engine 'InnoDB'
SELECT * FROM `emall`.`shopnc_lock` WHERE ( pid = '213070643305' ) LIMIT 1  
[2014-11-15 08:11:33] /admin/index.php?act=login&op=login ( act=login&op=login ) 
ERR: Db Error: Unknown storage engine 'InnoDB'
SELECT * FROM `emall`.`shopnc_admin` as `admin`  WHERE  admin_name = 'admin' and admin_password = '51d7b5a190e36367f058eb13db6eaa02'
[2014-11-15 08:11:33] /admin/index.php?act=login&op=login ( act=login&op=login ) 
ERR: Db Error: Unknown storage engine 'InnoDB'
SELECT * FROM `emall`.`shopnc_lock` WHERE ( pid = '21307064335' ) LIMIT 1  
[2014-11-15 08:11:33] /admin/index.php?act=login&op=login ( act=login&op=login ) 
ERR: Db Error: Unknown storage engine 'InnoDB'
INSERT  INTO `emall`.`shopnc_lock` (pid,pvalue,expiretime) VALUES ('21307064335','1','1416010893')
[2014-11-15 08:12:38] /admin/index.php?act=login&op=login ( act=login&op=login ) 
ERR: Db Error: Unknown storage engine 'InnoDB'
SELECT * FROM `emall`.`shopnc_lock` WHERE ( pid = '213070643305' ) LIMIT 1  
[2014-11-15 08:12:38] /admin/index.php?act=login&op=login ( act=login&op=login ) 
ERR: Db Error: Unknown storage engine 'InnoDB'
SELECT * FROM `emall`.`shopnc_admin` as `admin`  WHERE  admin_name = 'admin' and admin_password = 'e10adc3949ba59abbe56e057f20f883e'
[2014-11-15 08:12:38] /admin/index.php?act=login&op=login ( act=login&op=login ) 
ERR: Db Error: Unknown storage engine 'InnoDB'
SELECT * FROM `emall`.`shopnc_lock` WHERE ( pid = '21307064335' ) LIMIT 1  
[2014-11-15 08:12:38] /admin/index.php?act=login&op=login ( act=login&op=login ) 
ERR: Db Error: Unknown storage engine 'InnoDB'
INSERT  INTO `emall`.`shopnc_lock` (pid,pvalue,expiretime) VALUES ('21307064335','1','1416010958')
[2014-11-15 08:15:12] /admin/index.php?act=login&op=login ( act=login&op=login ) 
ERR: Db Error: Unknown storage engine 'InnoDB'
SELECT * FROM `emall`.`shopnc_lock` WHERE ( pid = '213070643305' ) LIMIT 1  
[2014-11-15 08:15:12] /admin/index.php?act=login&op=login ( act=login&op=login ) 
ERR: Db Error: Unknown storage engine 'InnoDB'
SELECT * FROM `emall`.`shopnc_admin` as `admin`  WHERE  admin_name = 'xzadmin' and admin_password = '30148c7c7cd95fc2a31cd5be65f2bd97'
[2014-11-15 08:15:12] /admin/index.php?act=login&op=login ( act=login&op=login ) 
ERR: Db Error: Unknown storage engine 'InnoDB'
SELECT * FROM `emall`.`shopnc_lock` WHERE ( pid = '21307064335' ) LIMIT 1  
[2014-11-15 08:15:12] /admin/index.php?act=login&op=login ( act=login&op=login ) 
ERR: Db Error: Unknown storage engine 'InnoDB'
INSERT  INTO `emall`.`shopnc_lock` (pid,pvalue,expiretime) VALUES ('21307064335','1','1416011112')
[2014-11-15 08:18:14] /admin/index.php?act=login&op=login ( act=login&op=login ) 
ERR: Db Error: Unknown storage engine 'InnoDB'
SELECT * FROM `emall`.`shopnc_lock` WHERE ( pid = '213070643305' ) LIMIT 1  
[2014-11-15 08:18:14] /admin/index.php?act=login&op=login ( act=login&op=login ) 
ERR: Db Error: Unknown storage engine 'InnoDB'
SELECT * FROM `emall`.`shopnc_admin` as `admin`  WHERE  admin_name = 'admin' and admin_password = '51d7b5a190e36367f058eb13db6eaa02'
[2014-11-15 08:18:14] /admin/index.php?act=login&op=login ( act=login&op=login ) 
ERR: Db Error: Unknown storage engine 'InnoDB'
SELECT * FROM `emall`.`shopnc_lock` WHERE ( pid = '21307064335' ) LIMIT 1  
[2014-11-15 08:18:14] /admin/index.php?act=login&op=login ( act=login&op=login ) 
ERR: Db Error: Unknown storage engine 'InnoDB'
INSERT  INTO `emall`.`shopnc_lock` (pid,pvalue,expiretime) VALUES ('21307064335','1','1416011294')
[2014-11-15 08:18:55] /admin/index.php?act=login&op=login ( act=login&op=login ) 
ERR: Db Error: Unknown storage engine 'InnoDB'
SELECT * FROM `emall`.`shopnc_lock` WHERE ( pid = '213070643305' ) LIMIT 1  
[2014-11-15 08:18:55] /admin/index.php?act=login&op=login ( act=login&op=login ) 
ERR: Db Error: Unknown storage engine 'InnoDB'
SELECT * FROM `emall`.`shopnc_admin` as `admin`  WHERE  admin_name = 'admin' and admin_password = '0192023a7bbd73250516f069df18b500'
[2014-11-15 08:18:55] /admin/index.php?act=login&op=login ( act=login&op=login ) 
ERR: Db Error: Unknown storage engine 'InnoDB'
SELECT * FROM `emall`.`shopnc_lock` WHERE ( pid = '21307064335' ) LIMIT 1  
[2014-11-15 08:18:55] /admin/index.php?act=login&op=login ( act=login&op=login ) 
ERR: Db Error: Unknown storage engine 'InnoDB'
INSERT  INTO `emall`.`shopnc_lock` (pid,pvalue,expiretime) VALUES ('21307064335','1','1416011335')
[2014-11-15 08:19:07] /admin/index.php?act=login&op=login ( act=login&op=login ) 
ERR: Db Error: Unknown storage engine 'InnoDB'
SELECT * FROM `emall`.`shopnc_lock` WHERE ( pid = '213070643305' ) LIMIT 1  
[2014-11-15 08:19:07] /admin/index.php?act=login&op=login ( act=login&op=login ) 
ERR: Db Error: Unknown storage engine 'InnoDB'
SELECT * FROM `emall`.`shopnc_admin` as `admin`  WHERE  admin_name = 'admin' and admin_password = '7fef6171469e80d32c0559f88b377245'
[2014-11-15 08:19:07] /admin/index.php?act=login&op=login ( act=login&op=login ) 
ERR: Db Error: Unknown storage engine 'InnoDB'
SELECT * FROM `emall`.`shopnc_lock` WHERE ( pid = '21307064335' ) LIMIT 1  
[2014-11-15 08:19:07] /admin/index.php?act=login&op=login ( act=login&op=login ) 
ERR: Db Error: Unknown storage engine 'InnoDB'
INSERT  INTO `emall`.`shopnc_lock` (pid,pvalue,expiretime) VALUES ('21307064335','1','1416011347')
[2014-11-15 08:19:23] /admin/index.php?act=login&op=login ( act=login&op=login ) 
ERR: Db Error: Unknown storage engine 'InnoDB'
SELECT * FROM `emall`.`shopnc_lock` WHERE ( pid = '213070643305' ) LIMIT 1  
[2014-11-15 08:19:23] /admin/index.php?act=login&op=login ( act=login&op=login ) 
ERR: Db Error: Unknown storage engine 'InnoDB'
SELECT * FROM `emall`.`shopnc_admin` as `admin`  WHERE  admin_name = 'admin' and admin_password = 'e10adc3949ba59abbe56e057f20f883e'
[2014-11-15 08:19:23] /admin/index.php?act=login&op=login ( act=login&op=login ) 
ERR: Db Error: Unknown storage engine 'InnoDB'
SELECT * FROM `emall`.`shopnc_lock` WHERE ( pid = '21307064335' ) LIMIT 1  
[2014-11-15 08:19:23] /admin/index.php?act=login&op=login ( act=login&op=login ) 
ERR: Db Error: Unknown storage engine 'InnoDB'
INSERT  INTO `emall`.`shopnc_lock` (pid,pvalue,expiretime) VALUES ('21307064335','1','1416011363')
[2014-11-15 08:22:13] /shop/index.php ( act=index&op=index ) 
ERR: Db Error: Unknown storage engine 'InnoDB'
SELECT * FROM `emall`.`shopnc_groupbuy` WHERE ( state = '20' ) AND ( start_time < '1416010933' ) AND ( end_time > '1416010933' ) ORDER BY recommended desc LIMIT 1000  
[2014-11-15 08:22:13] /shop/index.php ( act=index&op=index ) 
ERR: Db Error: Unknown storage engine 'InnoDB'
SELECT * FROM `emall`.`shopnc_p_xianshi_goods` WHERE ( state = '1' ) AND ( start_time < '1416010933' ) AND ( end_time > '1416010933' ) ORDER BY xianshi_recommend desc LIMIT 4  
[2014-11-15 08:22:17] /shop/index.php?act=search&op=index&cate_id=1 ( act=search&op=index ) 
ERR: Db Error: Unknown storage engine 'InnoDB'
SELECT count(distinct CONCAT(goods_commonid,',',color_id)) AS nc_count FROM `emall`.`shopnc_goods` WHERE ( (gc_id IN ('1','9','4','5','6','7','8','11','10','16','34','33','32','19','18','17','15','14','13','12','30','20','21','23','31','29','28','22','27','26','24','25','1053','40','57','56','55','50','49','48','47','46','45','44','43','42','41','39','38','37','36','51','35','54','53','52','69','73','58','59','60','63','61','62','71','70','64','65','66','67','68','72','87','85','88','84','83','82','89','81','80','79','78','77','76','75','74','86','101','102','92','93','91','95','96','97','98','99','100','90','103','104','105','106','94','116','107','108','109','110','111','112','113','114','115','117','118','124','131','122','121','120','119','123','125','136','135','134','133','132','130','129','128','127','126','146','137','144','139','138','141','142','150','149','148','147','143','145','140')) OR (gc_id1 IN ('1','9','4','5','6','7','8','11','10','16','34','33','32','19','18','17','15','14','13','12','30','20','21','23','31','29','28','22','27','26','24','25','1053','40','57','56','55','50','49','48','47','46','45','44','43','42','41','39','38','37','36','51','35','54','53','52','69','73','58','59','60','63','61','62','71','70','64','65','66','67','68','72','87','85','88','84','83','82','89','81','80','79','78','77','76','75','74','86','101','102','92','93','91','95','96','97','98','99','100','90','103','104','105','106','94','116','107','108','109','110','111','112','113','114','115','117','118','124','131','122','121','120','119','123','125','136','135','134','133','132','130','129','128','127','126','146','137','144','139','138','141','142','150','149','148','147','143','145','140')) ) AND ( goods_state = '1' ) AND ( goods_verify = '1' ) LIMIT 1  
[2014-11-15 08:22:17] /shop/index.php?act=search&op=index&cate_id=1 ( act=search&op=index ) 
ERR: Db Error: Unknown storage engine 'InnoDB'
SELECT gc_id,gc_title,gc_keywords,gc_description FROM `emall`.`shopnc_goods_class` WHERE ( gc_keywords <> '' ) LIMIT 2000  
[2014-11-15 08:22:18] /shop/index.php?act=search&op=get_booth_goods&cate_id=1 ( act=search&op=get_booth_goods ) 
ERR: Db Error: Unknown storage engine 'InnoDB'
SELECT goods_id FROM `emall`.`shopnc_p_booth_goods` WHERE ( gc_id IN ('1','9','4','5','6','7','8','11','10','16','34','33','32','19','18','17','15','14','13','12','30','20','21','23','31','29','28','22','27','26','24','25','1053','40','57','56','55','50','49','48','47','46','45','44','43','42','41','39','38','37','36','51','35','54','53','52','69','73','58','59','60','63','61','62','71','70','64','65','66','67','68','72','87','85','88','84','83','82','89','81','80','79','78','77','76','75','74','86','101','102','92','93','91','95','96','97','98','99','100','90','103','104','105','106','94','116','107','108','109','110','111','112','113','114','115','117','118','124','131','122','121','120','119','123','125','136','135','134','133','132','130','129','128','127','126','146','137','144','139','138','141','142','150','149','148','147','143','145','140') ) ORDER BY rand() LIMIT 4  
[2014-11-15 08:22:20] /shop/index.php ( act=index&op=index ) 
ERR: Db Error: Unknown storage engine 'InnoDB'
SELECT * FROM `emall`.`shopnc_groupbuy` WHERE ( state = '20' ) AND ( start_time < '1416010940' ) AND ( end_time > '1416010940' ) ORDER BY recommended desc LIMIT 1000  
[2014-11-15 08:22:20] /shop/index.php ( act=index&op=index ) 
ERR: Db Error: Unknown storage engine 'InnoDB'
SELECT * FROM `emall`.`shopnc_p_xianshi_goods` WHERE ( state = '1' ) AND ( start_time < '1416010940' ) AND ( end_time > '1416010940' ) ORDER BY xianshi_recommend desc LIMIT 4  
[2014-11-15 08:22:21] /shop/index.php ( act=index&op=index ) 
ERR: Db Error: Unknown storage engine 'InnoDB'
SELECT * FROM `emall`.`shopnc_groupbuy` WHERE ( state = '20' ) AND ( start_time < '1416010941' ) AND ( end_time > '1416010941' ) ORDER BY recommended desc LIMIT 1000  
[2014-11-15 08:22:21] /shop/index.php ( act=index&op=index ) 
ERR: Db Error: Unknown storage engine 'InnoDB'
SELECT * FROM `emall`.`shopnc_p_xianshi_goods` WHERE ( state = '1' ) AND ( start_time < '1416010941' ) AND ( end_time > '1416010941' ) ORDER BY xianshi_recommend desc LIMIT 4  
[2014-11-15 08:22:22] /shop/index.php ( act=index&op=index ) 
ERR: Db Error: Unknown storage engine 'InnoDB'
SELECT * FROM `emall`.`shopnc_groupbuy` WHERE ( state = '20' ) AND ( start_time < '1416010942' ) AND ( end_time > '1416010942' ) ORDER BY recommended desc LIMIT 1000  
[2014-11-15 08:22:22] /shop/index.php ( act=index&op=index ) 
ERR: Db Error: Unknown storage engine 'InnoDB'
SELECT * FROM `emall`.`shopnc_p_xianshi_goods` WHERE ( state = '1' ) AND ( start_time < '1416010942' ) AND ( end_time > '1416010942' ) ORDER BY xianshi_recommend desc LIMIT 4  
[2014-11-15 08:22:22] /shop/index.php ( act=index&op=index ) 
ERR: Db Error: Unknown storage engine 'InnoDB'
SELECT * FROM `emall`.`shopnc_groupbuy` WHERE ( state = '20' ) AND ( start_time < '1416010942' ) AND ( end_time > '1416010942' ) ORDER BY recommended desc LIMIT 1000  
[2014-11-15 08:22:22] /shop/index.php ( act=index&op=index ) 
ERR: Db Error: Unknown storage engine 'InnoDB'
SELECT * FROM `emall`.`shopnc_p_xianshi_goods` WHERE ( state = '1' ) AND ( start_time < '1416010942' ) AND ( end_time > '1416010942' ) ORDER BY xianshi_recommend desc LIMIT 4  
[2014-11-15 08:22:22] /shop/index.php ( act=index&op=index ) 
ERR: Db Error: Unknown storage engine 'InnoDB'
SELECT * FROM `emall`.`shopnc_groupbuy` WHERE ( state = '20' ) AND ( start_time < '1416010942' ) AND ( end_time > '1416010942' ) ORDER BY recommended desc LIMIT 1000  
[2014-11-15 08:22:22] /shop/index.php ( act=index&op=index ) 
ERR: Db Error: Unknown storage engine 'InnoDB'
SELECT * FROM `emall`.`shopnc_p_xianshi_goods` WHERE ( state = '1' ) AND ( start_time < '1416010942' ) AND ( end_time > '1416010942' ) ORDER BY xianshi_recommend desc LIMIT 4  
[2014-11-15 08:22:22] /shop/index.php ( act=index&op=index ) 
ERR: Db Error: Unknown storage engine 'InnoDB'
SELECT * FROM `emall`.`shopnc_groupbuy` WHERE ( state = '20' ) AND ( start_time < '1416010942' ) AND ( end_time > '1416010942' ) ORDER BY recommended desc LIMIT 1000  
[2014-11-15 08:22:22] /shop/index.php ( act=index&op=index ) 
ERR: Db Error: Unknown storage engine 'InnoDB'
SELECT * FROM `emall`.`shopnc_p_xianshi_goods` WHERE ( state = '1' ) AND ( start_time < '1416010942' ) AND ( end_time > '1416010942' ) ORDER BY xianshi_recommend desc LIMIT 4  
[2014-11-15 08:22:22] /shop/index.php ( act=index&op=index ) 
ERR: Db Error: Unknown storage engine 'InnoDB'
SELECT * FROM `emall`.`shopnc_groupbuy` WHERE ( state = '20' ) AND ( start_time < '1416010942' ) AND ( end_time > '1416010942' ) ORDER BY recommended desc LIMIT 1000  
[2014-11-15 08:22:22] /shop/index.php ( act=index&op=index ) 
ERR: Db Error: Unknown storage engine 'InnoDB'
SELECT * FROM `emall`.`shopnc_p_xianshi_goods` WHERE ( state = '1' ) AND ( start_time < '1416010942' ) AND ( end_time > '1416010942' ) ORDER BY xianshi_recommend desc LIMIT 4  
[2014-11-15 08:22:22] /shop/index.php ( act=index&op=index ) 
ERR: Db Error: Unknown storage engine 'InnoDB'
SELECT * FROM `emall`.`shopnc_groupbuy` WHERE ( state = '20' ) AND ( start_time < '1416010942' ) AND ( end_time > '1416010942' ) ORDER BY recommended desc LIMIT 1000  
[2014-11-15 08:22:22] /shop/index.php ( act=index&op=index ) 
ERR: Db Error: Unknown storage engine 'InnoDB'
SELECT * FROM `emall`.`shopnc_p_xianshi_goods` WHERE ( state = '1' ) AND ( start_time < '1416010942' ) AND ( end_time > '1416010942' ) ORDER BY xianshi_recommend desc LIMIT 4  
[2014-11-15 08:22:23] /shop/index.php ( act=index&op=index ) 
ERR: Db Error: Unknown storage engine 'InnoDB'
SELECT * FROM `emall`.`shopnc_groupbuy` WHERE ( state = '20' ) AND ( start_time < '1416010942' ) AND ( end_time > '1416010942' ) ORDER BY recommended desc LIMIT 1000  
[2014-11-15 08:22:23] /shop/index.php ( act=index&op=index ) 
ERR: Db Error: Unknown storage engine 'InnoDB'
SELECT * FROM `emall`.`shopnc_p_xianshi_goods` WHERE ( state = '1' ) AND ( start_time < '1416010942' ) AND ( end_time > '1416010942' ) ORDER BY xianshi_recommend desc LIMIT 4  
[2014-11-15 08:22:23] /shop/index.php ( act=index&op=index ) 
ERR: Db Error: Unknown storage engine 'InnoDB'
SELECT * FROM `emall`.`shopnc_groupbuy` WHERE ( state = '20' ) AND ( start_time < '1416010942' ) AND ( end_time > '1416010942' ) ORDER BY recommended desc LIMIT 1000  
[2014-11-15 08:22:23] /shop/index.php ( act=index&op=index ) 
ERR: Db Error: Unknown storage engine 'InnoDB'
SELECT * FROM `emall`.`shopnc_p_xianshi_goods` WHERE ( state = '1' ) AND ( start_time < '1416010942' ) AND ( end_time > '1416010942' ) ORDER BY xianshi_recommend desc LIMIT 4  
[2014-11-15 08:22:23] /shop/index.php ( act=index&op=index ) 
ERR: Db Error: Unknown storage engine 'InnoDB'
SELECT * FROM `emall`.`shopnc_groupbuy` WHERE ( state = '20' ) AND ( start_time < '1416010942' ) AND ( end_time > '1416010942' ) ORDER BY recommended desc LIMIT 1000  
[2014-11-15 08:22:23] /shop/index.php ( act=index&op=index ) 
ERR: Db Error: Unknown storage engine 'InnoDB'
SELECT * FROM `emall`.`shopnc_p_xianshi_goods` WHERE ( state = '1' ) AND ( start_time < '1416010942' ) AND ( end_time > '1416010942' ) ORDER BY xianshi_recommend desc LIMIT 4  
[2014-11-15 08:22:23] /shop/index.php ( act=index&op=index ) 
ERR: Db Error: Unknown storage engine 'InnoDB'
SELECT * FROM `emall`.`shopnc_groupbuy` WHERE ( state = '20' ) AND ( start_time < '1416010942' ) AND ( end_time > '1416010942' ) ORDER BY recommended desc LIMIT 1000  
[2014-11-15 08:22:23] /shop/index.php ( act=index&op=index ) 
ERR: Db Error: Unknown storage engine 'InnoDB'
SELECT * FROM `emall`.`shopnc_p_xianshi_goods` WHERE ( state = '1' ) AND ( start_time < '1416010942' ) AND ( end_time > '1416010942' ) ORDER BY xianshi_recommend desc LIMIT 4  
[2014-11-15 08:22:23] /shop/index.php ( act=index&op=index ) 
ERR: Db Error: Unknown storage engine 'InnoDB'
SELECT * FROM `emall`.`shopnc_groupbuy` WHERE ( state = '20' ) AND ( start_time < '1416010942' ) AND ( end_time > '1416010942' ) ORDER BY recommended desc LIMIT 1000  
[2014-11-15 08:22:23] /shop/index.php ( act=index&op=index ) 
ERR: Db Error: Unknown storage engine 'InnoDB'
SELECT * FROM `emall`.`shopnc_p_xianshi_goods` WHERE ( state = '1' ) AND ( start_time < '1416010942' ) AND ( end_time > '1416010942' ) ORDER BY xianshi_recommend desc LIMIT 4  
[2014-11-15 08:22:23] /shop/index.php ( act=index&op=index ) 
ERR: Db Error: Unknown storage engine 'InnoDB'
SELECT * FROM `emall`.`shopnc_groupbuy` WHERE ( state = '20' ) AND ( start_time < '1416010942' ) AND ( end_time > '1416010942' ) ORDER BY recommended desc LIMIT 1000  
[2014-11-15 08:22:23] /shop/index.php ( act=index&op=index ) 
ERR: Db Error: Unknown storage engine 'InnoDB'
SELECT * FROM `emall`.`shopnc_p_xianshi_goods` WHERE ( state = '1' ) AND ( start_time < '1416010942' ) AND ( end_time > '1416010942' ) ORDER BY xianshi_recommend desc LIMIT 4  
[2014-11-15 08:22:23] /shop/index.php ( act=index&op=index ) 
ERR: Db Error: Unknown storage engine 'InnoDB'
SELECT * FROM `emall`.`shopnc_groupbuy` WHERE ( state = '20' ) AND ( start_time < '1416010942' ) AND ( end_time > '1416010942' ) ORDER BY recommended desc LIMIT 1000  
[2014-11-15 08:22:23] /shop/index.php ( act=index&op=index ) 
ERR: Db Error: Unknown storage engine 'InnoDB'
SELECT * FROM `emall`.`shopnc_p_xianshi_goods` WHERE ( state = '1' ) AND ( start_time < '1416010942' ) AND ( end_time > '1416010942' ) ORDER BY xianshi_recommend desc LIMIT 4  
[2014-11-15 08:22:23] /shop/index.php ( act=index&op=index ) 
ERR: Db Error: Unknown storage engine 'InnoDB'
SELECT * FROM `emall`.`shopnc_groupbuy` WHERE ( state = '20' ) AND ( start_time < '1416010942' ) AND ( end_time > '1416010942' ) ORDER BY recommended desc LIMIT 1000  
[2014-11-15 08:22:23] /shop/index.php ( act=index&op=index ) 
ERR: Db Error: Unknown storage engine 'InnoDB'
SELECT * FROM `emall`.`shopnc_p_xianshi_goods` WHERE ( state = '1' ) AND ( start_time < '1416010942' ) AND ( end_time > '1416010942' ) ORDER BY xianshi_recommend desc LIMIT 4  
[2014-11-15 08:22:23] /shop/index.php ( act=index&op=index ) 
ERR: Db Error: Unknown storage engine 'InnoDB'
SELECT * FROM `emall`.`shopnc_groupbuy` WHERE ( state = '20' ) AND ( start_time < '1416010942' ) AND ( end_time > '1416010942' ) ORDER BY recommended desc LIMIT 1000  
[2014-11-15 08:22:23] /shop/index.php ( act=index&op=index ) 
ERR: Db Error: Unknown storage engine 'InnoDB'
SELECT * FROM `emall`.`shopnc_p_xianshi_goods` WHERE ( state = '1' ) AND ( start_time < '1416010942' ) AND ( end_time > '1416010942' ) ORDER BY xianshi_recommend desc LIMIT 4  
[2014-11-15 08:22:23] /shop/index.php ( act=index&op=index ) 
ERR: Db Error: Unknown storage engine 'InnoDB'
SELECT * FROM `emall`.`shopnc_groupbuy` WHERE ( state = '20' ) AND ( start_time < '1416010942' ) AND ( end_time > '1416010942' ) ORDER BY recommended desc LIMIT 1000  
[2014-11-15 08:22:23] /shop/index.php ( act=index&op=index ) 
ERR: Db Error: Unknown storage engine 'InnoDB'
SELECT * FROM `emall`.`shopnc_p_xianshi_goods` WHERE ( state = '1' ) AND ( start_time < '1416010942' ) AND ( end_time > '1416010942' ) ORDER BY xianshi_recommend desc LIMIT 4  
[2014-11-15 08:22:23] /shop/index.php ( act=index&op=index ) 
ERR: Db Error: Unknown storage engine 'InnoDB'
SELECT * FROM `emall`.`shopnc_groupbuy` WHERE ( state = '20' ) AND ( start_time < '1416010942' ) AND ( end_time > '1416010942' ) ORDER BY recommended desc LIMIT 1000  
[2014-11-15 08:22:23] /shop/index.php ( act=index&op=index ) 
ERR: Db Error: Unknown storage engine 'InnoDB'
SELECT * FROM `emall`.`shopnc_p_xianshi_goods` WHERE ( state = '1' ) AND ( start_time < '1416010942' ) AND ( end_time > '1416010942' ) ORDER BY xianshi_recommend desc LIMIT 4  
[2014-11-15 08:22:23] /shop/index.php ( act=index&op=index ) 
ERR: Db Error: Unknown storage engine 'InnoDB'
SELECT * FROM `emall`.`shopnc_groupbuy` WHERE ( state = '20' ) AND ( start_time < '1416010942' ) AND ( end_time > '1416010942' ) ORDER BY recommended desc LIMIT 1000  
[2014-11-15 08:22:23] /shop/index.php ( act=index&op=index ) 
ERR: Db Error: Unknown storage engine 'InnoDB'
SELECT * FROM `emall`.`shopnc_p_xianshi_goods` WHERE ( state = '1' ) AND ( start_time < '1416010942' ) AND ( end_time > '1416010942' ) ORDER BY xianshi_recommend desc LIMIT 4  
[2014-11-15 08:22:24] /shop/index.php ( act=index&op=index ) 
ERR: Db Error: Unknown storage engine 'InnoDB'
SELECT * FROM `emall`.`shopnc_groupbuy` WHERE ( state = '20' ) AND ( start_time < '1416010942' ) AND ( end_time > '1416010942' ) ORDER BY recommended desc LIMIT 1000  
[2014-11-15 08:22:24] /shop/index.php ( act=index&op=index ) 
ERR: Db Error: Unknown storage engine 'InnoDB'
SELECT * FROM `emall`.`shopnc_p_xianshi_goods` WHERE ( state = '1' ) AND ( start_time < '1416010942' ) AND ( end_time > '1416010942' ) ORDER BY xianshi_recommend desc LIMIT 4  
[2014-11-15 08:22:24] /shop/index.php ( act=index&op=index ) 
ERR: Db Error: Unknown storage engine 'InnoDB'
SELECT * FROM `emall`.`shopnc_groupbuy` WHERE ( state = '20' ) AND ( start_time < '1416010943' ) AND ( end_time > '1416010943' ) ORDER BY recommended desc LIMIT 1000  
[2014-11-15 08:22:24] /shop/index.php ( act=index&op=index ) 
ERR: Db Error: Unknown storage engine 'InnoDB'
SELECT * FROM `emall`.`shopnc_p_xianshi_goods` WHERE ( state = '1' ) AND ( start_time < '1416010943' ) AND ( end_time > '1416010943' ) ORDER BY xianshi_recommend desc LIMIT 4  
[2014-11-15 08:22:24] /shop/index.php ( act=index&op=index ) 
ERR: Db Error: Unknown storage engine 'InnoDB'
SELECT * FROM `emall`.`shopnc_groupbuy` WHERE ( state = '20' ) AND ( start_time < '1416010943' ) AND ( end_time > '1416010943' ) ORDER BY recommended desc LIMIT 1000  
[2014-11-15 08:22:24] /shop/index.php ( act=index&op=index ) 
ERR: Db Error: Unknown storage engine 'InnoDB'
SELECT * FROM `emall`.`shopnc_p_xianshi_goods` WHERE ( state = '1' ) AND ( start_time < '1416010943' ) AND ( end_time > '1416010943' ) ORDER BY xianshi_recommend desc LIMIT 4  
[2014-11-15 08:22:24] /shop/index.php ( act=index&op=index ) 
ERR: Db Error: Unknown storage engine 'InnoDB'
SELECT * FROM `emall`.`shopnc_groupbuy` WHERE ( state = '20' ) AND ( start_time < '1416010943' ) AND ( end_time > '1416010943' ) ORDER BY recommended desc LIMIT 1000  
[2014-11-15 08:22:24] /shop/index.php ( act=index&op=index ) 
ERR: Db Error: Unknown storage engine 'InnoDB'
SELECT * FROM `emall`.`shopnc_p_xianshi_goods` WHERE ( state = '1' ) AND ( start_time < '1416010943' ) AND ( end_time > '1416010943' ) ORDER BY xianshi_recommend desc LIMIT 4  
[2014-11-15 08:22:29] /shop/index.php?act=index&op=new_class ( act=index&op=new_class ) 
ERR: Db Error: Unknown storage engine 'InnoDB'
SELECT * FROM `emall`.`shopnc_groupbuy` WHERE ( state = '20' ) AND ( start_time < '1416010949' ) AND ( end_time > '1416010949' ) ORDER BY recommended desc LIMIT 1000  
[2014-11-15 08:22:29] /shop/index.php?act=index&op=new_class ( act=index&op=new_class ) 
ERR: Db Error: Unknown storage engine 'InnoDB'
SELECT * FROM `emall`.`shopnc_p_xianshi_goods` WHERE ( state = '1' ) AND ( start_time < '1416010949' ) AND ( end_time > '1416010949' ) ORDER BY xianshi_recommend desc LIMIT 4  
[2014-11-15 08:40:26] /shop/index.php ( act=index&op=index ) 
ERR: Db Error: Table 'emall.shopnc_groupbuy' doesn't exist
SELECT * FROM `emall`.`shopnc_groupbuy` WHERE ( state = '20' ) AND ( start_time < '1416012026' ) AND ( end_time > '1416012026' ) ORDER BY recommended desc LIMIT 1000  
[2014-11-15 08:40:26] /shop/index.php ( act=index&op=index ) 
ERR: Db Error: Table 'emall.shopnc_p_xianshi_goods' doesn't exist
SELECT * FROM `emall`.`shopnc_p_xianshi_goods` WHERE ( state = '1' ) AND ( start_time < '1416012026' ) AND ( end_time > '1416012026' ) ORDER BY xianshi_recommend desc LIMIT 4  
[2014-11-15 08:40:27] /shop/index.php ( act=index&op=index ) 
ERR: Db Error: Table 'emall.shopnc_groupbuy' doesn't exist
SELECT * FROM `emall`.`shopnc_groupbuy` WHERE ( state = '20' ) AND ( start_time < '1416012027' ) AND ( end_time > '1416012027' ) ORDER BY recommended desc LIMIT 1000  
[2014-11-15 08:40:27] /shop/index.php ( act=index&op=index ) 
ERR: Db Error: Table 'emall.shopnc_p_xianshi_goods' doesn't exist
SELECT * FROM `emall`.`shopnc_p_xianshi_goods` WHERE ( state = '1' ) AND ( start_time < '1416012027' ) AND ( end_time > '1416012027' ) ORDER BY xianshi_recommend desc LIMIT 4  
[2014-11-15 08:40:28] /shop/index.php?act=search&op=index&cate_id=1 ( act=search&op=index ) 
ERR: Db Error: Table 'emall.shopnc_goods' doesn't exist
SELECT count(distinct CONCAT(goods_commonid,',',color_id)) AS nc_count FROM `emall`.`shopnc_goods` WHERE ( (gc_id IN ('1','9','4','5','6','7','8','11','10','16','34','33','32','19','18','17','15','14','13','12','30','20','21','23','31','29','28','22','27','26','24','25','1053','40','57','56','55','50','49','48','47','46','45','44','43','42','41','39','38','37','36','51','35','54','53','52','69','73','58','59','60','63','61','62','71','70','64','65','66','67','68','72','87','85','88','84','83','82','89','81','80','79','78','77','76','75','74','86','101','102','92','93','91','95','96','97','98','99','100','90','103','104','105','106','94','116','107','108','109','110','111','112','113','114','115','117','118','124','131','122','121','120','119','123','125','136','135','134','133','132','130','129','128','127','126','146','137','144','139','138','141','142','150','149','148','147','143','145','140')) OR (gc_id1 IN ('1','9','4','5','6','7','8','11','10','16','34','33','32','19','18','17','15','14','13','12','30','20','21','23','31','29','28','22','27','26','24','25','1053','40','57','56','55','50','49','48','47','46','45','44','43','42','41','39','38','37','36','51','35','54','53','52','69','73','58','59','60','63','61','62','71','70','64','65','66','67','68','72','87','85','88','84','83','82','89','81','80','79','78','77','76','75','74','86','101','102','92','93','91','95','96','97','98','99','100','90','103','104','105','106','94','116','107','108','109','110','111','112','113','114','115','117','118','124','131','122','121','120','119','123','125','136','135','134','133','132','130','129','128','127','126','146','137','144','139','138','141','142','150','149','148','147','143','145','140')) ) AND ( goods_state = '1' ) AND ( goods_verify = '1' ) LIMIT 1  
[2014-11-15 08:40:28] /shop/index.php?act=search&op=index&cate_id=1 ( act=search&op=index ) 
ERR: Db Error: Table 'emall.shopnc_goods_class' doesn't exist
SELECT gc_id,gc_title,gc_keywords,gc_description FROM `emall`.`shopnc_goods_class` WHERE ( gc_keywords <> '' ) LIMIT 2000  
[2014-11-15 08:40:29] /shop/index.php?act=search&op=get_booth_goods&cate_id=1 ( act=search&op=get_booth_goods ) 
ERR: Db Error: Table 'emall.shopnc_p_booth_goods' doesn't exist
SELECT goods_id FROM `emall`.`shopnc_p_booth_goods` WHERE ( gc_id IN ('1','9','4','5','6','7','8','11','10','16','34','33','32','19','18','17','15','14','13','12','30','20','21','23','31','29','28','22','27','26','24','25','1053','40','57','56','55','50','49','48','47','46','45','44','43','42','41','39','38','37','36','51','35','54','53','52','69','73','58','59','60','63','61','62','71','70','64','65','66','67','68','72','87','85','88','84','83','82','89','81','80','79','78','77','76','75','74','86','101','102','92','93','91','95','96','97','98','99','100','90','103','104','105','106','94','116','107','108','109','110','111','112','113','114','115','117','118','124','131','122','121','120','119','123','125','136','135','134','133','132','130','129','128','127','126','146','137','144','139','138','141','142','150','149','148','147','143','145','140') ) ORDER BY rand() LIMIT 4  
[2014-11-15 08:40:30] /shop/index.php?act=search&op=index&cate_id=12 ( act=search&op=index ) 
ERR: Db Error: Table 'emall.shopnc_type_brand' doesn't exist
SELECT brand_id FROM `emall`.`shopnc_type_brand` WHERE ( type_id = '32' ) LIMIT 1000  
[2014-11-15 08:40:30] /shop/index.php?act=search&op=index&cate_id=12 ( act=search&op=index ) 
ERR: Db Error: Table 'emall.shopnc_attribute' doesn't exist
SELECT attr_id,attr_name FROM `emall`.`shopnc_attribute` WHERE ( type_id = '32' ) AND ( attr_show = '1' ) ORDER BY attr_sort asc LIMIT 1000  
[2014-11-15 08:40:30] /shop/index.php?act=search&op=index&cate_id=12 ( act=search&op=index ) 
ERR: Db Error: Table 'emall.shopnc_attribute_value' doesn't exist
SELECT attr_value_id,attr_value_name,attr_id FROM `emall`.`shopnc_attribute_value` WHERE ( type_id = '32' ) ORDER BY attr_value_sort asc,attr_value_id asc LIMIT 1000  
[2014-11-15 08:40:30] /shop/index.php?act=search&op=index&cate_id=12 ( act=search&op=index ) 
ERR: Db Error: Table 'emall.shopnc_goods' doesn't exist
SELECT count(distinct CONCAT(goods_commonid,',',color_id)) AS nc_count FROM `emall`.`shopnc_goods` WHERE ( (gc_id IN ('12')) OR (gc_id1 IN ('12')) ) AND ( goods_state = '1' ) AND ( goods_verify = '1' ) LIMIT 1  
[2014-11-15 08:40:30] /shop/index.php?act=search&op=index&cate_id=12 ( act=search&op=index ) 
ERR: Db Error: Table 'emall.shopnc_goods_class' doesn't exist
SELECT gc_id,gc_title,gc_keywords,gc_description FROM `emall`.`shopnc_goods_class` WHERE ( gc_keywords <> '' ) LIMIT 2000  
[2014-11-15 08:40:30] /shop/index.php?act=search&op=get_booth_goods&cate_id=12 ( act=search&op=get_booth_goods ) 
ERR: Db Error: Table 'emall.shopnc_p_booth_goods' doesn't exist
SELECT goods_id FROM `emall`.`shopnc_p_booth_goods` WHERE ( gc_id IN ('12') ) ORDER BY rand() LIMIT 4  
[2014-11-15 08:40:31] /shop/ ( act=index&op=index ) 
ERR: Db Error: Table 'emall.shopnc_groupbuy' doesn't exist
SELECT * FROM `emall`.`shopnc_groupbuy` WHERE ( state = '20' ) AND ( start_time < '1416012031' ) AND ( end_time > '1416012031' ) ORDER BY recommended desc LIMIT 1000  
[2014-11-15 08:40:31] /shop/ ( act=index&op=index ) 
ERR: Db Error: Table 'emall.shopnc_p_xianshi_goods' doesn't exist
SELECT * FROM `emall`.`shopnc_p_xianshi_goods` WHERE ( state = '1' ) AND ( start_time < '1416012031' ) AND ( end_time > '1416012031' ) ORDER BY xianshi_recommend desc LIMIT 4  
[2014-11-15 08:40:33] /shop/index.php?act=goods&op=index&goods_id=54 ( act=goods&op=index ) 
ERR: Db Error: Table 'emall.shopnc_goods' doesn't exist
SELECT *,(goods_state=1 && goods_verify=1) as goods_show FROM `emall`.`shopnc_goods` WHERE ( goods_id = '54' ) LIMIT 1  
[2014-11-15 08:40:35] /shop/ ( act=index&op=index ) 
ERR: Db Error: Table 'emall.shopnc_groupbuy' doesn't exist
SELECT * FROM `emall`.`shopnc_groupbuy` WHERE ( state = '20' ) AND ( start_time < '1416012035' ) AND ( end_time > '1416012035' ) ORDER BY recommended desc LIMIT 1000  
[2014-11-15 08:40:35] /shop/ ( act=index&op=index ) 
ERR: Db Error: Table 'emall.shopnc_p_xianshi_goods' doesn't exist
SELECT * FROM `emall`.`shopnc_p_xianshi_goods` WHERE ( state = '1' ) AND ( start_time < '1416012035' ) AND ( end_time > '1416012035' ) ORDER BY xianshi_recommend desc LIMIT 4  
[2014-11-15 08:40:39] /shop/index.php?act=goods&op=index&goods_id=52 ( act=goods&op=index ) 
ERR: Db Error: Table 'emall.shopnc_goods' doesn't exist
SELECT *,(goods_state=1 && goods_verify=1) as goods_show FROM `emall`.`shopnc_goods` WHERE ( goods_id = '52' ) LIMIT 1  
[2014-11-15 08:40:47] /shop/index.php?act=goods&op=index&goods_id=38 ( act=goods&op=index ) 
ERR: Db Error: Table 'emall.shopnc_goods' doesn't exist
SELECT *,(goods_state=1 && goods_verify=1) as goods_show FROM `emall`.`shopnc_goods` WHERE ( goods_id = '38' ) LIMIT 1  
[2014-11-15 08:40:53] /shop/index.php?act=goods&op=index&goods_id=46 ( act=goods&op=index ) 
ERR: Db Error: Table 'emall.shopnc_goods' doesn't exist
SELECT *,(goods_state=1 && goods_verify=1) as goods_show FROM `emall`.`shopnc_goods` WHERE ( goods_id = '46' ) LIMIT 1  
[2014-11-15 08:41:34] /admin/index.php?act=login&op=login ( act=login&op=login ) 
ERR: Db Error: Table 'emall.shopnc_lock' doesn't exist
SELECT * FROM `emall`.`shopnc_lock` WHERE ( pid = '213070643305' ) LIMIT 1  
[2014-11-15 08:41:34] /admin/index.php?act=login&op=login ( act=login&op=login ) 
ERR: Db Error: Table 'emall.shopnc_admin' doesn't exist
SELECT * FROM `emall`.`shopnc_admin` as `admin`  WHERE  admin_name = 'admin' and admin_password = 'e10adc3949ba59abbe56e057f20f883e'
[2014-11-15 08:41:34] /admin/index.php?act=login&op=login ( act=login&op=login ) 
ERR: Db Error: Table 'emall.shopnc_lock' doesn't exist
SELECT * FROM `emall`.`shopnc_lock` WHERE ( pid = '21307064335' ) LIMIT 1  
[2014-11-15 08:41:34] /admin/index.php?act=login&op=login ( act=login&op=login ) 
ERR: Db Error: Table 'emall.shopnc_lock' doesn't exist
INSERT  INTO `emall`.`shopnc_lock` (pid,pvalue,expiretime) VALUES ('21307064335','1','1416012694')
[2014-11-15 08:41:58] /shop/ ( act=index&op=index ) 
ERR: Db Error: Table 'emall.shopnc_groupbuy' doesn't exist
SELECT * FROM `emall`.`shopnc_groupbuy` WHERE ( state = '20' ) AND ( start_time < '1416012118' ) AND ( end_time > '1416012118' ) ORDER BY recommended desc LIMIT 1000  
[2014-11-15 08:41:58] /shop/ ( act=index&op=index ) 
ERR: Db Error: Table 'emall.shopnc_p_xianshi_goods' doesn't exist
SELECT * FROM `emall`.`shopnc_p_xianshi_goods` WHERE ( state = '1' ) AND ( start_time < '1416012118' ) AND ( end_time > '1416012118' ) ORDER BY xianshi_recommend desc LIMIT 4  
[2014-11-15 08:42:02] /shop/index.php?act=brand&op=index ( act=brand&op=index ) 
ERR: Db Error: Table 'emall.shopnc_brand' doesn't exist
SELECT * FROM `emall`.`shopnc_brand` WHERE ( brand_apply = '1' ) ORDER BY brand_sort asc LIMIT 1000  
[2014-11-15 08:42:08] /shop/ ( act=index&op=index ) 
ERR: Db Error: Table 'emall.shopnc_groupbuy' doesn't exist
SELECT * FROM `emall`.`shopnc_groupbuy` WHERE ( state = '20' ) AND ( start_time < '1416012128' ) AND ( end_time > '1416012128' ) ORDER BY recommended desc LIMIT 1000  
[2014-11-15 08:42:08] /shop/ ( act=index&op=index ) 
ERR: Db Error: Table 'emall.shopnc_p_xianshi_goods' doesn't exist
SELECT * FROM `emall`.`shopnc_p_xianshi_goods` WHERE ( state = '1' ) AND ( start_time < '1416012128' ) AND ( end_time > '1416012128' ) ORDER BY xianshi_recommend desc LIMIT 4  
[2014-11-15 08:42:10] /shop/index.php?act=search&op=index&cate_id=1 ( act=search&op=index ) 
ERR: Db Error: Table 'emall.shopnc_goods' doesn't exist
SELECT count(distinct CONCAT(goods_commonid,',',color_id)) AS nc_count FROM `emall`.`shopnc_goods` WHERE ( (gc_id IN ('1','9','4','5','6','7','8','11','10','16','34','33','32','19','18','17','15','14','13','12','30','20','21','23','31','29','28','22','27','26','24','25','1053','40','57','56','55','50','49','48','47','46','45','44','43','42','41','39','38','37','36','51','35','54','53','52','69','73','58','59','60','63','61','62','71','70','64','65','66','67','68','72','87','85','88','84','83','82','89','81','80','79','78','77','76','75','74','86','101','102','92','93','91','95','96','97','98','99','100','90','103','104','105','106','94','116','107','108','109','110','111','112','113','114','115','117','118','124','131','122','121','120','119','123','125','136','135','134','133','132','130','129','128','127','126','146','137','144','139','138','141','142','150','149','148','147','143','145','140')) OR (gc_id1 IN ('1','9','4','5','6','7','8','11','10','16','34','33','32','19','18','17','15','14','13','12','30','20','21','23','31','29','28','22','27','26','24','25','1053','40','57','56','55','50','49','48','47','46','45','44','43','42','41','39','38','37','36','51','35','54','53','52','69','73','58','59','60','63','61','62','71','70','64','65','66','67','68','72','87','85','88','84','83','82','89','81','80','79','78','77','76','75','74','86','101','102','92','93','91','95','96','97','98','99','100','90','103','104','105','106','94','116','107','108','109','110','111','112','113','114','115','117','118','124','131','122','121','120','119','123','125','136','135','134','133','132','130','129','128','127','126','146','137','144','139','138','141','142','150','149','148','147','143','145','140')) ) AND ( goods_state = '1' ) AND ( goods_verify = '1' ) LIMIT 1  
[2014-11-15 08:42:10] /shop/index.php?act=search&op=index&cate_id=1 ( act=search&op=index ) 
ERR: Db Error: Table 'emall.shopnc_goods_class' doesn't exist
SELECT gc_id,gc_title,gc_keywords,gc_description FROM `emall`.`shopnc_goods_class` WHERE ( gc_keywords <> '' ) LIMIT 2000  
[2014-11-15 08:42:11] /shop/index.php?act=search&op=get_booth_goods&cate_id=1 ( act=search&op=get_booth_goods ) 
ERR: Db Error: Table 'emall.shopnc_p_booth_goods' doesn't exist
SELECT goods_id FROM `emall`.`shopnc_p_booth_goods` WHERE ( gc_id IN ('1','9','4','5','6','7','8','11','10','16','34','33','32','19','18','17','15','14','13','12','30','20','21','23','31','29','28','22','27','26','24','25','1053','40','57','56','55','50','49','48','47','46','45','44','43','42','41','39','38','37','36','51','35','54','53','52','69','73','58','59','60','63','61','62','71','70','64','65','66','67','68','72','87','85','88','84','83','82','89','81','80','79','78','77','76','75','74','86','101','102','92','93','91','95','96','97','98','99','100','90','103','104','105','106','94','116','107','108','109','110','111','112','113','114','115','117','118','124','131','122','121','120','119','123','125','136','135','134','133','132','130','129','128','127','126','146','137','144','139','138','141','142','150','149','148','147','143','145','140') ) ORDER BY rand() LIMIT 4  
[2014-11-15 08:42:13] /shop/ ( act=index&op=index ) 
ERR: Db Error: Table 'emall.shopnc_groupbuy' doesn't exist
SELECT * FROM `emall`.`shopnc_groupbuy` WHERE ( state = '20' ) AND ( start_time < '1416012133' ) AND ( end_time > '1416012133' ) ORDER BY recommended desc LIMIT 1000  
[2014-11-15 08:42:13] /shop/ ( act=index&op=index ) 
ERR: Db Error: Table 'emall.shopnc_p_xianshi_goods' doesn't exist
SELECT * FROM `emall`.`shopnc_p_xianshi_goods` WHERE ( state = '1' ) AND ( start_time < '1416012133' ) AND ( end_time > '1416012133' ) ORDER BY xianshi_recommend desc LIMIT 4  
[2014-11-15 08:42:14] /shop/index.php?act=show_groupbuy&op=index ( act=show_groupbuy&op=index ) 
ERR: Db Error: Table 'emall.shopnc_groupbuy' doesn't exist
SELECT COUNT(*) AS nc_count FROM `emall`.`shopnc_groupbuy` WHERE ( state = '20' ) AND ( start_time < '1416012134' ) AND ( end_time > '1416012134' ) LIMIT 1  
[2014-11-15 08:42:14] /shop/index.php?act=show_groupbuy&op=index ( act=show_groupbuy&op=index ) 
ERR: Db Error: Table 'emall.shopnc_groupbuy' doesn't exist
SELECT * FROM `emall`.`shopnc_groupbuy` WHERE ( state = '20' ) AND ( start_time < '1416012134' ) AND ( end_time > '1416012134' ) LIMIT 0,20  
[2014-11-15 08:42:16] /shop/ ( act=index&op=index ) 
ERR: Db Error: Table 'emall.shopnc_groupbuy' doesn't exist
SELECT * FROM `emall`.`shopnc_groupbuy` WHERE ( state = '20' ) AND ( start_time < '1416012135' ) AND ( end_time > '1416012135' ) ORDER BY recommended desc LIMIT 1000  
[2014-11-15 08:42:16] /shop/ ( act=index&op=index ) 
ERR: Db Error: Table 'emall.shopnc_p_xianshi_goods' doesn't exist
SELECT * FROM `emall`.`shopnc_p_xianshi_goods` WHERE ( state = '1' ) AND ( start_time < '1416012135' ) AND ( end_time > '1416012135' ) ORDER BY xianshi_recommend desc LIMIT 4  
[2014-11-15 08:42:19] /shop/index.php?act=goods&op=index&goods_id=54 ( act=goods&op=index ) 
ERR: Db Error: Table 'emall.shopnc_goods' doesn't exist
SELECT *,(goods_state=1 && goods_verify=1) as goods_show FROM `emall`.`shopnc_goods` WHERE ( goods_id = '54' ) LIMIT 1  
[2014-11-15 08:42:24] /shop/index.php?act=index&op=new_class ( act=index&op=new_class ) 
ERR: Db Error: Table 'emall.shopnc_groupbuy' doesn't exist
SELECT * FROM `emall`.`shopnc_groupbuy` WHERE ( state = '20' ) AND ( start_time < '1416012144' ) AND ( end_time > '1416012144' ) ORDER BY recommended desc LIMIT 1000  
[2014-11-15 08:42:24] /shop/index.php?act=index&op=new_class ( act=index&op=new_class ) 
ERR: Db Error: Table 'emall.shopnc_p_xianshi_goods' doesn't exist
SELECT * FROM `emall`.`shopnc_p_xianshi_goods` WHERE ( state = '1' ) AND ( start_time < '1416012144' ) AND ( end_time > '1416012144' ) ORDER BY xianshi_recommend desc LIMIT 4  
[2014-11-15 08:43:14] /shop/index.php?act=search&op=index&cate_id=1 ( act=search&op=index ) 
ERR: Db Error: Unknown storage engine 'InnoDB'
SELECT count(distinct CONCAT(goods_commonid,',',color_id)) AS nc_count FROM `emall`.`shopnc_goods` WHERE ( (gc_id IN ('1','9','4','5','6','7','8','11','10','16','34','33','32','19','18','17','15','14','13','12','30','20','21','23','31','29','28','22','27','26','24','25','1053','40','57','56','55','50','49','48','47','46','45','44','43','42','41','39','38','37','36','51','35','54','53','52','69','73','58','59','60','63','61','62','71','70','64','65','66','67','68','72','87','85','88','84','83','82','89','81','80','79','78','77','76','75','74','86','101','102','92','93','91','95','96','97','98','99','100','90','103','104','105','106','94','116','107','108','109','110','111','112','113','114','115','117','118','124','131','122','121','120','119','123','125','136','135','134','133','132','130','129','128','127','126','146','137','144','139','138','141','142','150','149','148','147','143','145','140')) OR (gc_id1 IN ('1','9','4','5','6','7','8','11','10','16','34','33','32','19','18','17','15','14','13','12','30','20','21','23','31','29','28','22','27','26','24','25','1053','40','57','56','55','50','49','48','47','46','45','44','43','42','41','39','38','37','36','51','35','54','53','52','69','73','58','59','60','63','61','62','71','70','64','65','66','67','68','72','87','85','88','84','83','82','89','81','80','79','78','77','76','75','74','86','101','102','92','93','91','95','96','97','98','99','100','90','103','104','105','106','94','116','107','108','109','110','111','112','113','114','115','117','118','124','131','122','121','120','119','123','125','136','135','134','133','132','130','129','128','127','126','146','137','144','139','138','141','142','150','149','148','147','143','145','140')) ) AND ( goods_state = '1' ) AND ( goods_verify = '1' ) LIMIT 1  
[2014-11-15 08:43:14] /shop/index.php?act=search&op=index&cate_id=1 ( act=search&op=index ) 
ERR: Db Error: Unknown storage engine 'InnoDB'
SELECT gc_id,gc_title,gc_keywords,gc_description FROM `emall`.`shopnc_goods_class` WHERE ( gc_keywords <> '' ) LIMIT 2000  
[2014-11-15 08:43:15] /shop/index.php?act=search&op=get_booth_goods&cate_id=1 ( act=search&op=get_booth_goods ) 
ERR: Db Error: Unknown storage engine 'InnoDB'
SELECT goods_id FROM `emall`.`shopnc_p_booth_goods` WHERE ( gc_id IN ('1','9','4','5','6','7','8','11','10','16','34','33','32','19','18','17','15','14','13','12','30','20','21','23','31','29','28','22','27','26','24','25','1053','40','57','56','55','50','49','48','47','46','45','44','43','42','41','39','38','37','36','51','35','54','53','52','69','73','58','59','60','63','61','62','71','70','64','65','66','67','68','72','87','85','88','84','83','82','89','81','80','79','78','77','76','75','74','86','101','102','92','93','91','95','96','97','98','99','100','90','103','104','105','106','94','116','107','108','109','110','111','112','113','114','115','117','118','124','131','122','121','120','119','123','125','136','135','134','133','132','130','129','128','127','126','146','137','144','139','138','141','142','150','149','148','147','143','145','140') ) ORDER BY rand() LIMIT 4  
[2014-11-15 08:43:16] /shop/ ( act=index&op=index ) 
ERR: Db Error: Unknown storage engine 'InnoDB'
SELECT * FROM `emall`.`shopnc_groupbuy` WHERE ( state = '20' ) AND ( start_time < '1416012196' ) AND ( end_time > '1416012196' ) ORDER BY recommended desc LIMIT 1000  
[2014-11-15 08:43:16] /shop/ ( act=index&op=index ) 
ERR: Db Error: Unknown storage engine 'InnoDB'
SELECT * FROM `emall`.`shopnc_p_xianshi_goods` WHERE ( state = '1' ) AND ( start_time < '1416012196' ) AND ( end_time > '1416012196' ) ORDER BY xianshi_recommend desc LIMIT 4  
[2014-11-15 08:45:00] /shop/ ( act=index&op=index ) 
ERR: Db Error: Unknown storage engine 'InnoDB'
SELECT * FROM `emall`.`shopnc_groupbuy` WHERE ( state = '20' ) AND ( start_time < '1416012300' ) AND ( end_time > '1416012300' ) ORDER BY recommended desc LIMIT 1000  
[2014-11-15 08:45:00] /shop/ ( act=index&op=index ) 
ERR: Db Error: Unknown storage engine 'InnoDB'
SELECT * FROM `emall`.`shopnc_p_xianshi_goods` WHERE ( state = '1' ) AND ( start_time < '1416012300' ) AND ( end_time > '1416012300' ) ORDER BY xianshi_recommend desc LIMIT 4  
[2014-11-15 08:45:04] /shop/index.php?act=show_groupbuy&op=index ( act=show_groupbuy&op=index ) 
ERR: Db Error: Unknown storage engine 'InnoDB'
SELECT COUNT(*) AS nc_count FROM `emall`.`shopnc_groupbuy` WHERE ( state = '20' ) AND ( start_time < '1416012303' ) AND ( end_time > '1416012303' ) LIMIT 1  
[2014-11-15 08:45:04] /shop/index.php?act=show_groupbuy&op=index ( act=show_groupbuy&op=index ) 
ERR: Db Error: Unknown storage engine 'InnoDB'
SELECT * FROM `emall`.`shopnc_groupbuy` WHERE ( state = '20' ) AND ( start_time < '1416012303' ) AND ( end_time > '1416012303' ) LIMIT 0,20  
[2014-11-15 08:45:05] /shop/index.php?act=brand&op=index ( act=brand&op=index ) 
ERR: Db Error: Unknown storage engine 'InnoDB'
SELECT * FROM `emall`.`shopnc_brand` WHERE ( brand_apply = '1' ) ORDER BY brand_sort asc LIMIT 1000  
[2014-11-15 08:45:06] /shop/index.php?act=pointprod&op=index ( act=pointprod&op=index ) 
ERR: Db Error: Unknown storage engine 'InnoDB'
SELECT * FROM `emall`.`shopnc_voucher_price` ORDER BY voucher_price asc LIMIT 30  
[2014-11-15 08:45:06] /shop/index.php?act=pointprod&op=index ( act=pointprod&op=index ) 
ERR: Db Error: Unknown storage engine 'InnoDB'
SELECT voucher_template.*,store.store_id,store.store_label,store.store_name,store.store_domain FROM `emall`.`shopnc_voucher_template` AS `voucher_template` LEFT JOIN `emall`.`shopnc_store` AS `store` ON voucher_template.voucher_t_store_id=store.store_id WHERE ( voucher_t_state = '1' ) AND ( voucher_t_end_date > '1416012306' ) LIMIT 16  
[2014-11-15 08:45:06] /shop/index.php?act=pointprod&op=index ( act=pointprod&op=index ) 
ERR: Db Error: Unknown storage engine 'InnoDB'
SELECT * FROM `emall`.`shopnc_points_goods` WHERE ( pgoods_show = '1' ) AND ( pgoods_state = '0' ) ORDER BY pgoods_sort asc,pgoods_id desc LIMIT 16  
[2014-11-15 08:45:06] /shop/index.php?act=pointprod&op=index ( act=pointprod&op=index ) 
ERR: Db Error: Unknown storage engine 'InnoDB'
SELECT * FROM `emall`.`shopnc_points_goods` WHERE ( pgoods_show = '1' ) AND ( pgoods_state = '0' ) ORDER BY pgoods_salenum desc,pgoods_id desc LIMIT 3  
[2014-11-15 08:45:09] /shop/ ( act=index&op=index ) 
ERR: Db Error: Unknown storage engine 'InnoDB'
SELECT * FROM `emall`.`shopnc_groupbuy` WHERE ( state = '20' ) AND ( start_time < '1416012309' ) AND ( end_time > '1416012309' ) ORDER BY recommended desc LIMIT 1000  
[2014-11-15 08:45:09] /shop/ ( act=index&op=index ) 
ERR: Db Error: Unknown storage engine 'InnoDB'
SELECT * FROM `emall`.`shopnc_p_xianshi_goods` WHERE ( state = '1' ) AND ( start_time < '1416012309' ) AND ( end_time > '1416012309' ) ORDER BY xianshi_recommend desc LIMIT 4  
[2014-11-15 08:45:12] /shop/index.php?act=index&op=new_class ( act=index&op=new_class ) 
ERR: Db Error: Unknown storage engine 'InnoDB'
SELECT * FROM `emall`.`shopnc_groupbuy` WHERE ( state = '20' ) AND ( start_time < '1416012312' ) AND ( end_time > '1416012312' ) ORDER BY recommended desc LIMIT 1000  
[2014-11-15 08:45:12] /shop/index.php?act=index&op=new_class ( act=index&op=new_class ) 
ERR: Db Error: Unknown storage engine 'InnoDB'
SELECT * FROM `emall`.`shopnc_p_xianshi_goods` WHERE ( state = '1' ) AND ( start_time < '1416012312' ) AND ( end_time > '1416012312' ) ORDER BY xianshi_recommend desc LIMIT 4  
[2014-11-15 08:48:05] /shop/index.php ( act=index&op=index ) 
ERR: Db Error: Unknown column 'gc_type' in 'field list'
SELECT gc_id, gc_name, type_id, gc_parent_id, gc_sort,gc_type FROM `emall`.`shopnc_goods_class` WHERE ( gc_type = 'default' ) ORDER BY gc_parent_id asc,gc_sort asc,gc_id asc LIMIT 10000  
[2014-11-15 08:48:05] /shop/index.php ( act=index&op=index ) 
ERR: Db Error: Unknown column 'gc_type' in 'field list'
SELECT gc_id, gc_name, type_id, gc_parent_id, gc_sort,gc_type FROM `emall`.`shopnc_goods_class` WHERE ( gc_type = 'newclass1' ) ORDER BY gc_parent_id asc,gc_sort asc,gc_id asc LIMIT 10000  
[2014-11-15 08:48:23] /shop/ ( act=index&op=index ) 
ERR: Db Error: Unknown column 'gc_type' in 'field list'
SELECT gc_id, gc_name, type_id, gc_parent_id, gc_sort,gc_type FROM `emall`.`shopnc_goods_class` WHERE ( gc_type = 'default' ) ORDER BY gc_parent_id asc,gc_sort asc,gc_id asc LIMIT 10000  
[2014-11-15 08:48:23] /shop/ ( act=index&op=index ) 
ERR: Db Error: Unknown column 'gc_type' in 'field list'
SELECT gc_id, gc_name, type_id, gc_parent_id, gc_sort,gc_type FROM `emall`.`shopnc_goods_class` WHERE ( gc_type = 'newclass1' ) ORDER BY gc_parent_id asc,gc_sort asc,gc_id asc LIMIT 10000  
[2014-11-15 08:49:09] /shop/ ( act=index&op=index ) 
ERR: Db Error: Unknown column 'gc_type' in 'field list'
SELECT gc_id, gc_name, type_id, gc_parent_id, gc_sort,gc_type FROM `emall`.`shopnc_goods_class` WHERE ( gc_type = 'default' ) ORDER BY gc_parent_id asc,gc_sort asc,gc_id asc LIMIT 10000  
[2014-11-15 08:49:09] /shop/ ( act=index&op=index ) 
ERR: Db Error: Unknown column 'gc_type' in 'field list'
SELECT gc_id, gc_name, type_id, gc_parent_id, gc_sort,gc_type FROM `emall`.`shopnc_goods_class` WHERE ( gc_type = 'newclass1' ) ORDER BY gc_parent_id asc,gc_sort asc,gc_id asc LIMIT 10000  
[2014-11-15 08:49:10] /shop/ ( act=index&op=index ) 
ERR: Db Error: Unknown column 'gc_type' in 'field list'
SELECT gc_id, gc_name, type_id, gc_parent_id, gc_sort,gc_type FROM `emall`.`shopnc_goods_class` WHERE ( gc_type = 'default' ) ORDER BY gc_parent_id asc,gc_sort asc,gc_id asc LIMIT 10000  
[2014-11-15 08:49:10] /shop/ ( act=index&op=index ) 
ERR: Db Error: Unknown column 'gc_type' in 'field list'
SELECT gc_id, gc_name, type_id, gc_parent_id, gc_sort,gc_type FROM `emall`.`shopnc_goods_class` WHERE ( gc_type = 'newclass1' ) ORDER BY gc_parent_id asc,gc_sort asc,gc_id asc LIMIT 10000  
[2014-11-15 08:49:10] /shop/ ( act=index&op=index ) 
ERR: Db Error: Unknown column 'gc_type' in 'field list'
SELECT gc_id, gc_name, type_id, gc_parent_id, gc_sort,gc_type FROM `emall`.`shopnc_goods_class` WHERE ( gc_type = 'default' ) ORDER BY gc_parent_id asc,gc_sort asc,gc_id asc LIMIT 10000  
[2014-11-15 08:49:10] /shop/ ( act=index&op=index ) 
ERR: Db Error: Unknown column 'gc_type' in 'field list'
SELECT gc_id, gc_name, type_id, gc_parent_id, gc_sort,gc_type FROM `emall`.`shopnc_goods_class` WHERE ( gc_type = 'newclass1' ) ORDER BY gc_parent_id asc,gc_sort asc,gc_id asc LIMIT 10000  
[2014-11-15 08:49:10] /shop/ ( act=index&op=index ) 
ERR: Db Error: Unknown column 'gc_type' in 'field list'
SELECT gc_id, gc_name, type_id, gc_parent_id, gc_sort,gc_type FROM `emall`.`shopnc_goods_class` WHERE ( gc_type = 'default' ) ORDER BY gc_parent_id asc,gc_sort asc,gc_id asc LIMIT 10000  
[2014-11-15 08:49:10] /shop/ ( act=index&op=index ) 
ERR: Db Error: Unknown column 'gc_type' in 'field list'
SELECT gc_id, gc_name, type_id, gc_parent_id, gc_sort,gc_type FROM `emall`.`shopnc_goods_class` WHERE ( gc_type = 'newclass1' ) ORDER BY gc_parent_id asc,gc_sort asc,gc_id asc LIMIT 10000  
[2014-11-15 08:49:43] /shop/index.php?act=index&op=viewed_info ( act=index&op=viewed_info ) 
ERR: Db Error: Unknown column 'gc_type' in 'field list'
SELECT gc_id, gc_name, type_id, gc_parent_id, gc_sort,gc_type FROM `emall`.`shopnc_goods_class` WHERE ( gc_type = 'default' ) ORDER BY gc_parent_id asc,gc_sort asc,gc_id asc LIMIT 10000  
[2014-11-15 08:49:43] /shop/index.php?act=index&op=viewed_info ( act=index&op=viewed_info ) 
ERR: Db Error: Unknown column 'gc_type' in 'field list'
SELECT gc_id, gc_name, type_id, gc_parent_id, gc_sort,gc_type FROM `emall`.`shopnc_goods_class` WHERE ( gc_type = 'newclass1' ) ORDER BY gc_parent_id asc,gc_sort asc,gc_id asc LIMIT 10000  
[2014-11-15 08:49:44] /shop/ ( act=index&op=index ) 
ERR: Db Error: Unknown column 'gc_type' in 'field list'
SELECT gc_id, gc_name, type_id, gc_parent_id, gc_sort,gc_type FROM `emall`.`shopnc_goods_class` WHERE ( gc_type = 'default' ) ORDER BY gc_parent_id asc,gc_sort asc,gc_id asc LIMIT 10000  
[2014-11-15 08:49:44] /shop/ ( act=index&op=index ) 
ERR: Db Error: Unknown column 'gc_type' in 'field list'
SELECT gc_id, gc_name, type_id, gc_parent_id, gc_sort,gc_type FROM `emall`.`shopnc_goods_class` WHERE ( gc_type = 'newclass1' ) ORDER BY gc_parent_id asc,gc_sort asc,gc_id asc LIMIT 10000  
[2014-11-15 08:49:44] /shop/index.php?act=index&op=viewed_info ( act=index&op=viewed_info ) 
ERR: Db Error: Unknown column 'gc_type' in 'field list'
SELECT gc_id, gc_name, type_id, gc_parent_id, gc_sort,gc_type FROM `emall`.`shopnc_goods_class` WHERE ( gc_type = 'default' ) ORDER BY gc_parent_id asc,gc_sort asc,gc_id asc LIMIT 10000  
[2014-11-15 08:49:44] /shop/index.php?act=index&op=viewed_info ( act=index&op=viewed_info ) 
ERR: Db Error: Unknown column 'gc_type' in 'field list'
SELECT gc_id, gc_name, type_id, gc_parent_id, gc_sort,gc_type FROM `emall`.`shopnc_goods_class` WHERE ( gc_type = 'newclass1' ) ORDER BY gc_parent_id asc,gc_sort asc,gc_id asc LIMIT 10000  
[2014-11-15 08:49:50] /shop/ ( act=index&op=index ) 
ERR: Db Error: Unknown column 'gc_type' in 'field list'
SELECT gc_id, gc_name, type_id, gc_parent_id, gc_sort,gc_type FROM `emall`.`shopnc_goods_class` WHERE ( gc_type = 'default' ) ORDER BY gc_parent_id asc,gc_sort asc,gc_id asc LIMIT 10000  
[2014-11-15 08:49:50] /shop/ ( act=index&op=index ) 
ERR: Db Error: Unknown column 'gc_type' in 'field list'
SELECT gc_id, gc_name, type_id, gc_parent_id, gc_sort,gc_type FROM `emall`.`shopnc_goods_class` WHERE ( gc_type = 'newclass1' ) ORDER BY gc_parent_id asc,gc_sort asc,gc_id asc LIMIT 10000  
[2014-11-15 08:50:57] /shop/ ( act=index&op=index ) 
ERR: Db Error: Unknown column 'gc_type' in 'field list'
SELECT gc_id, gc_name, type_id, gc_parent_id, gc_sort,gc_type FROM `emall`.`shopnc_goods_class` WHERE ( gc_type = 'default' ) ORDER BY gc_parent_id asc,gc_sort asc,gc_id asc LIMIT 10000  
[2014-11-15 08:50:57] /shop/ ( act=index&op=index ) 
ERR: Db Error: Unknown column 'gc_type' in 'field list'
SELECT gc_id, gc_name, type_id, gc_parent_id, gc_sort,gc_type FROM `emall`.`shopnc_goods_class` WHERE ( gc_type = 'newclass1' ) ORDER BY gc_parent_id asc,gc_sort asc,gc_id asc LIMIT 10000  
[2014-11-15 08:50:57] /shop/index.php?act=index&op=viewed_info ( act=index&op=viewed_info ) 
ERR: Db Error: Unknown column 'gc_type' in 'field list'
SELECT gc_id, gc_name, type_id, gc_parent_id, gc_sort,gc_type FROM `emall`.`shopnc_goods_class` WHERE ( gc_type = 'default' ) ORDER BY gc_parent_id asc,gc_sort asc,gc_id asc LIMIT 10000  
[2014-11-15 08:50:57] /shop/index.php?act=index&op=viewed_info ( act=index&op=viewed_info ) 
ERR: Db Error: Unknown column 'gc_type' in 'field list'
SELECT gc_id, gc_name, type_id, gc_parent_id, gc_sort,gc_type FROM `emall`.`shopnc_goods_class` WHERE ( gc_type = 'newclass1' ) ORDER BY gc_parent_id asc,gc_sort asc,gc_id asc LIMIT 10000  
[2014-11-15 08:50:58] /shop/index.php?act=index&op=viewed_info ( act=index&op=viewed_info ) 
ERR: Db Error: Unknown column 'gc_type' in 'field list'
SELECT gc_id, gc_name, type_id, gc_parent_id, gc_sort,gc_type FROM `emall`.`shopnc_goods_class` WHERE ( gc_type = 'default' ) ORDER BY gc_parent_id asc,gc_sort asc,gc_id asc LIMIT 10000  
[2014-11-15 08:50:58] /shop/index.php?act=index&op=viewed_info ( act=index&op=viewed_info ) 
ERR: Db Error: Unknown column 'gc_type' in 'field list'
SELECT gc_id, gc_name, type_id, gc_parent_id, gc_sort,gc_type FROM `emall`.`shopnc_goods_class` WHERE ( gc_type = 'newclass1' ) ORDER BY gc_parent_id asc,gc_sort asc,gc_id asc LIMIT 10000  
